[ 2016-07-26T10:55:02+08:00 ] ::1 /
INFO: [ app_init ] --START--
INFO: Run Behavior\BuildLiteBehavior [ RunTime:0.000050s ]
INFO: [ app_init ] --END-- [ RunTime:0.000259s ]
INFO: [ app_begin ] --START--
INFO: Run Behavior\ReadHtmlCacheBehavior [ RunTime:0.000459s ]
INFO: [ app_begin ] --END-- [ RunTime:0.000505s ]
INFO: [ view_parse ] --START--
INFO: [ template_filter ] --START--
INFO: Run Behavior\ContentReplaceBehavior [ RunTime:0.000044s ]
INFO: [ template_filter ] --END-- [ RunTime:0.000099s ]
INFO: Run Behavior\ParseTemplateBehavior [ RunTime:0.025548s ]
INFO: [ view_parse ] --END-- [ RunTime:0.025596s ]
INFO: [ view_filter ] --START--
INFO: Run Behavior\WriteHtmlCacheBehavior [ RunTime:0.000154s ]
INFO: [ view_filter ] --END-- [ RunTime:0.000185s ]
INFO: [ app_end ] --START--
INFO: Run Behavior\ShowPageTraceBehavior [ RunTime:0.007126s ]
INFO: [ app_end ] --END-- [ RunTime:0.007180s ]

[ 2016-07-26T10:56:21+08:00 ] ::1 /
INFO: [ app_init ] --START--
INFO: Run Behavior\BuildLiteBehavior [ RunTime:0.000034s ]
INFO: [ app_init ] --END-- [ RunTime:0.000718s ]
INFO: [ app_begin ] --START--
INFO: Run Behavior\ReadHtmlCacheBehavior [ RunTime:0.001621s ]
INFO: [ app_begin ] --END-- [ RunTime:0.001754s ]
INFO: [ app_end ] --START--
INFO: Run Behavior\ShowPageTraceBehavior [ RunTime:0.000822s ]
INFO: [ app_end ] --END-- [ RunTime:0.000910s ]

[ 2016-07-26T10:56:22+08:00 ] ::1 /
INFO: [ app_init ] --START--
INFO: Run Behavior\BuildLiteBehavior [ RunTime:0.000019s ]
INFO: [ app_init ] --END-- [ RunTime:0.000539s ]
INFO: [ app_begin ] --START--
INFO: Run Behavior\ReadHtmlCacheBehavior [ RunTime:0.000746s ]
INFO: [ app_begin ] --END-- [ RunTime:0.000878s ]
INFO: [ app_end ] --START--
INFO: Run Behavior\ShowPageTraceBehavior [ RunTime:0.000750s ]
INFO: [ app_end ] --END-- [ RunTime:0.000839s ]

[ 2016-07-26T11:06:41+08:00 ] ::1 /
INFO: [ app_init ] --START--
INFO: Run Behavior\BuildLiteBehavior [ RunTime:0.000047s ]
INFO: [ app_init ] --END-- [ RunTime:0.002598s ]
INFO: [ app_begin ] --START--
INFO: Run Behavior\ReadHtmlCacheBehavior [ RunTime:0.107769s ]
INFO: [ app_begin ] --END-- [ RunTime:0.107864s ]
INFO: [ app_end ] --START--
INFO: Run Behavior\ShowPageTraceBehavior [ RunTime:0.000589s ]
INFO: [ app_end ] --END-- [ RunTime:0.000648s ]

[ 2016-07-26T11:17:17+08:00 ] ::1 /
INFO: [ app_init ] --START--
INFO: Run Behavior\BuildLiteBehavior [ RunTime:0.000026s ]
INFO: [ app_init ] --END-- [ RunTime:0.001925s ]
INFO: [ app_begin ] --START--
INFO: Run Behavior\ReadHtmlCacheBehavior [ RunTime:0.002844s ]
INFO: [ app_begin ] --END-- [ RunTime:0.003033s ]
INFO: [ app_end ] --START--
INFO: Run Behavior\ShowPageTraceBehavior [ RunTime:0.001430s ]
INFO: [ app_end ] --END-- [ RunTime:0.001509s ]

[ 2016-07-26T11:23:21+08:00 ] ::1 /
INFO: [ app_init ] --START--
INFO: Run Behavior\BuildLiteBehavior [ RunTime:0.000021s ]
INFO: [ app_init ] --END-- [ RunTime:0.000405s ]
INFO: [ app_begin ] --START--
INFO: Run Behavior\ReadHtmlCacheBehavior [ RunTime:0.000398s ]
INFO: [ app_begin ] --END-- [ RunTime:0.000437s ]
INFO: [ app_end ] --START--
INFO: Run Behavior\ShowPageTraceBehavior [ RunTime:0.000472s ]
INFO: [ app_end ] --END-- [ RunTime:0.000518s ]

[ 2016-07-26T11:23:23+08:00 ] ::1 /
INFO: [ app_init ] --START--
INFO: Run Behavior\BuildLiteBehavior [ RunTime:0.000013s ]
INFO: [ app_init ] --END-- [ RunTime:0.000312s ]
INFO: [ app_begin ] --START--
INFO: Run Behavior\ReadHtmlCacheBehavior [ RunTime:0.000484s ]
INFO: [ app_begin ] --END-- [ RunTime:0.000526s ]
INFO: [ app_end ] --START--
INFO: Run Behavior\ShowPageTraceBehavior [ RunTime:0.000430s ]
INFO: [ app_end ] --END-- [ RunTime:0.000471s ]

[ 2016-07-26T11:34:42+08:00 ] ::1 /
INFO: [ app_init ] --START--
INFO: Run Behavior\BuildLiteBehavior [ RunTime:0.000023s ]
INFO: [ app_init ] --END-- [ RunTime:0.000465s ]
INFO: [ app_begin ] --START--
INFO: Run Behavior\ReadHtmlCacheBehavior [ RunTime:0.000534s ]
INFO: [ app_begin ] --END-- [ RunTime:0.000605s ]
INFO: [ app_end ] --START--
INFO: Run Behavior\ShowPageTraceBehavior [ RunTime:0.000775s ]
INFO: [ app_end ] --END-- [ RunTime:0.000879s ]

[ 2016-07-26T14:14:58+08:00 ] ::1 /
INFO: [ app_init ] --START--
INFO: Run Behavior\BuildLiteBehavior [ RunTime:0.000044s ]
INFO: [ app_init ] --END-- [ RunTime:0.001027s ]
INFO: [ app_begin ] --START--
INFO: Run Behavior\ReadHtmlCacheBehavior [ RunTime:0.001134s ]
INFO: [ app_begin ] --END-- [ RunTime:0.001236s ]

[ 2016-07-26T14:15:51+08:00 ] ::1 /
INFO: [ app_init ] --START--
INFO: Run Behavior\BuildLiteBehavior [ RunTime:0.000027s ]
INFO: [ app_init ] --END-- [ RunTime:0.000522s ]
INFO: [ app_begin ] --START--
INFO: Run Behavior\ReadHtmlCacheBehavior [ RunTime:0.000698s ]
INFO: [ app_begin ] --END-- [ RunTime:0.000777s ]

[ 2016-07-26T14:15:52+08:00 ] ::1 /
INFO: [ app_init ] --START--
INFO: Run Behavior\BuildLiteBehavior [ RunTime:0.000030s ]
INFO: [ app_init ] --END-- [ RunTime:0.000551s ]
INFO: [ app_begin ] --START--
INFO: Run Behavior\ReadHtmlCacheBehavior [ RunTime:0.001015s ]
INFO: [ app_begin ] --END-- [ RunTime:0.001125s ]

[ 2016-07-26T14:17:00+08:00 ] ::1 /
INFO: [ app_init ] --START--
INFO: Run Behavior\BuildLiteBehavior [ RunTime:0.000031s ]
INFO: [ app_init ] --END-- [ RunTime:0.000490s ]
INFO: [ app_begin ] --START--
INFO: Run Behavior\ReadHtmlCacheBehavior [ RunTime:0.000782s ]
INFO: [ app_begin ] --END-- [ RunTime:0.000856s ]

[ 2016-07-26T14:17:27+08:00 ] ::1 /
INFO: [ app_init ] --START--
INFO: Run Behavior\BuildLiteBehavior [ RunTime:0.000020s ]
INFO: [ app_init ] --END-- [ RunTime:0.000483s ]
INFO: [ app_begin ] --START--
INFO: Run Behavior\ReadHtmlCacheBehavior [ RunTime:0.000642s ]
INFO: [ app_begin ] --END-- [ RunTime:0.000714s ]

[ 2016-07-26T14:17:29+08:00 ] ::1 /
INFO: [ app_init ] --START--
INFO: Run Behavior\BuildLiteBehavior [ RunTime:0.000016s ]
INFO: [ app_init ] --END-- [ RunTime:0.000360s ]
INFO: [ app_begin ] --START--
INFO: Run Behavior\ReadHtmlCacheBehavior [ RunTime:0.000467s ]
INFO: [ app_begin ] --END-- [ RunTime:0.000541s ]

[ 2016-07-26T14:21:20+08:00 ] ::1 /
INFO: [ app_init ] --START--
INFO: Run Behavior\BuildLiteBehavior [ RunTime:0.000066s ]
INFO: [ app_init ] --END-- [ RunTime:0.000688s ]
INFO: [ app_begin ] --START--
INFO: Run Behavior\ReadHtmlCacheBehavior [ RunTime:0.001166s ]
INFO: [ app_begin ] --END-- [ RunTime:0.001274s ]
INFO: [ app_end ] --START--
INFO: Run Behavior\ShowPageTraceBehavior [ RunTime:0.008040s ]
INFO: [ app_end ] --END-- [ RunTime:0.008134s ]

[ 2016-07-26T14:21:24+08:00 ] ::1 /
INFO: [ app_init ] --START--
INFO: Run Behavior\BuildLiteBehavior [ RunTime:0.000016s ]
INFO: [ app_init ] --END-- [ RunTime:0.000366s ]
INFO: [ app_begin ] --START--
INFO: Run Behavior\ReadHtmlCacheBehavior [ RunTime:0.000461s ]
INFO: [ app_begin ] --END-- [ RunTime:0.000520s ]
INFO: [ app_end ] --START--
INFO: Run Behavior\ShowPageTraceBehavior [ RunTime:0.000553s ]
INFO: [ app_end ] --END-- [ RunTime:0.000643s ]

[ 2016-07-26T14:26:43+08:00 ] ::1 /
INFO: [ app_init ] --START--
INFO: Run Behavior\BuildLiteBehavior [ RunTime:0.000017s ]
INFO: [ app_init ] --END-- [ RunTime:0.000554s ]
INFO: [ app_begin ] --START--
INFO: Run Behavior\ReadHtmlCacheBehavior [ RunTime:0.000671s ]
INFO: [ app_begin ] --END-- [ RunTime:0.000743s ]
INFO: [ app_end ] --START--
INFO: Run Behavior\ShowPageTraceBehavior [ RunTime:0.027586s ]
INFO: [ app_end ] --END-- [ RunTime:0.027682s ]

[ 2016-07-26T14:28:28+08:00 ] ::1 /
INFO: [ app_init ] --START--
INFO: Run Behavior\BuildLiteBehavior [ RunTime:0.000028s ]
INFO: [ app_init ] --END-- [ RunTime:0.000561s ]
INFO: [ app_begin ] --START--
INFO: Run Behavior\ReadHtmlCacheBehavior [ RunTime:0.000543s ]
INFO: [ app_begin ] --END-- [ RunTime:0.000621s ]
NOTIC: [2] file_get_contents(http://liuyangshi.cn/): failed to open stream: Operation timed out /Applications/MAMP/htdocs/djkj/Application/Home/Controller/IndexController.class.php 第 11 行.
INFO: [ app_end ] --START--
INFO: Run Behavior\ShowPageTraceBehavior [ RunTime:0.000989s ]
INFO: [ app_end ] --END-- [ RunTime:0.001188s ]

[ 2016-07-26T14:28:28+08:00 ] ::1 /index.php/Home/Index/index
INFO: [ app_init ] --START--
INFO: Run Behavior\BuildLiteBehavior [ RunTime:0.000029s ]
INFO: [ app_init ] --END-- [ RunTime:0.000604s ]
INFO: [ app_begin ] --START--
INFO: Run Behavior\ReadHtmlCacheBehavior [ RunTime:0.000624s ]
INFO: [ app_begin ] --END-- [ RunTime:0.000698s ]
INFO: [ app_end ] --START--
INFO: Run Behavior\ShowPageTraceBehavior [ RunTime:0.000787s ]
INFO: [ app_end ] --END-- [ RunTime:0.000917s ]

[ 2016-07-26T14:28:28+08:00 ] ::1 /index.php/Home/index/index
INFO: [ app_init ] --START--
INFO: Run Behavior\BuildLiteBehavior [ RunTime:0.000025s ]
INFO: [ app_init ] --END-- [ RunTime:0.000486s ]
INFO: [ app_begin ] --START--
INFO: Run Behavior\ReadHtmlCacheBehavior [ RunTime:0.000621s ]
INFO: [ app_begin ] --END-- [ RunTime:0.000693s ]
INFO: [ app_end ] --START--
INFO: Run Behavior\ShowPageTraceBehavior [ RunTime:0.000885s ]
INFO: [ app_end ] --END-- [ RunTime:0.001032s ]

[ 2016-07-26T14:29:10+08:00 ] ::1 /index.php/Home/index/index
INFO: [ app_init ] --START--
INFO: Run Behavior\BuildLiteBehavior [ RunTime:0.000029s ]
INFO: [ app_init ] --END-- [ RunTime:0.000557s ]
INFO: [ app_begin ] --START--
INFO: Run Behavior\ReadHtmlCacheBehavior [ RunTime:0.000771s ]
INFO: [ app_begin ] --END-- [ RunTime:0.000875s ]
INFO: [ app_end ] --START--
INFO: Run Behavior\ShowPageTraceBehavior [ RunTime:0.000920s ]
INFO: [ app_end ] --END-- [ RunTime:0.001186s ]

[ 2016-07-26T14:29:22+08:00 ] ::1 /index.php/Home/index/index
INFO: [ app_init ] --START--
INFO: Run Behavior\BuildLiteBehavior [ RunTime:0.000016s ]
INFO: [ app_init ] --END-- [ RunTime:0.000353s ]
INFO: [ app_begin ] --START--
INFO: Run Behavior\ReadHtmlCacheBehavior [ RunTime:0.000463s ]
INFO: [ app_begin ] --END-- [ RunTime:0.000524s ]
INFO: [ app_end ] --START--
INFO: Run Behavior\ShowPageTraceBehavior [ RunTime:0.000615s ]
INFO: [ app_end ] --END-- [ RunTime:0.000716s ]

[ 2016-07-26T14:29:28+08:00 ] ::1 /index.php/Home/index/index
INFO: [ app_init ] --START--
INFO: Run Behavior\BuildLiteBehavior [ RunTime:0.000029s ]
INFO: [ app_init ] --END-- [ RunTime:0.000686s ]
INFO: [ app_begin ] --START--
INFO: Run Behavior\ReadHtmlCacheBehavior [ RunTime:0.001157s ]
INFO: [ app_begin ] --END-- [ RunTime:0.001340s ]
INFO: [ app_end ] --START--
INFO: Run Behavior\ShowPageTraceBehavior [ RunTime:0.000886s ]
INFO: [ app_end ] --END-- [ RunTime:0.001034s ]

[ 2016-07-26T14:29:41+08:00 ] ::1 /index.php/Home/index/index
INFO: [ app_init ] --START--
INFO: Run Behavior\BuildLiteBehavior [ RunTime:0.000022s ]
INFO: [ app_init ] --END-- [ RunTime:0.000524s ]
INFO: [ app_begin ] --START--
INFO: Run Behavior\ReadHtmlCacheBehavior [ RunTime:0.000712s ]
INFO: [ app_begin ] --END-- [ RunTime:0.000805s ]
INFO: [ app_end ] --START--
INFO: Run Behavior\ShowPageTraceBehavior [ RunTime:0.000838s ]
INFO: [ app_end ] --END-- [ RunTime:0.000961s ]

[ 2016-07-26T14:29:45+08:00 ] ::1 /index.php/Home/index/index
INFO: [ app_init ] --START--
INFO: Run Behavior\BuildLiteBehavior [ RunTime:0.000015s ]
INFO: [ app_init ] --END-- [ RunTime:0.000353s ]
INFO: [ app_begin ] --START--
INFO: Run Behavior\ReadHtmlCacheBehavior [ RunTime:0.008180s ]
INFO: [ app_begin ] --END-- [ RunTime:0.008281s ]
INFO: [ app_end ] --START--
INFO: Run Behavior\ShowPageTraceBehavior [ RunTime:0.000766s ]
INFO: [ app_end ] --END-- [ RunTime:0.000867s ]

[ 2016-07-26T14:31:20+08:00 ] ::1 /index.php/Home/index/index
INFO: [ app_init ] --START--
INFO: Run Behavior\BuildLiteBehavior [ RunTime:0.000019s ]
INFO: [ app_init ] --END-- [ RunTime:0.000444s ]
INFO: [ app_begin ] --START--
INFO: Run Behavior\ReadHtmlCacheBehavior [ RunTime:0.000876s ]
INFO: [ app_begin ] --END-- [ RunTime:0.000990s ]
NOTIC: [2] file_get_contents(http://liuyangshi.cn/jiaoyu/): failed to open stream: Operation timed out /Applications/MAMP/htdocs/djkj/Application/Home/Controller/IndexController.class.php 第 11 行.
INFO: [ app_end ] --START--
INFO: Run Behavior\ShowPageTraceBehavior [ RunTime:0.016149s ]
INFO: [ app_end ] --END-- [ RunTime:0.016267s ]

[ 2016-07-26T14:31:21+08:00 ] ::1 /index.php/Home/index/index
INFO: [ app_init ] --START--
INFO: Run Behavior\BuildLiteBehavior [ RunTime:0.000021s ]
INFO: [ app_init ] --END-- [ RunTime:0.000536s ]
INFO: [ app_begin ] --START--
INFO: Run Behavior\ReadHtmlCacheBehavior [ RunTime:0.000900s ]
INFO: [ app_begin ] --END-- [ RunTime:0.001080s ]
INFO: [ app_end ] --START--
INFO: Run Behavior\ShowPageTraceBehavior [ RunTime:0.000825s ]
INFO: [ app_end ] --END-- [ RunTime:0.000968s ]

[ 2016-07-26T14:31:21+08:00 ] ::1 /index.php/Home/index/index
INFO: [ app_init ] --START--
INFO: Run Behavior\BuildLiteBehavior [ RunTime:0.000016s ]
INFO: [ app_init ] --END-- [ RunTime:0.000375s ]
INFO: [ app_begin ] --START--
INFO: Run Behavior\ReadHtmlCacheBehavior [ RunTime:0.000610s ]
INFO: [ app_begin ] --END-- [ RunTime:0.000696s ]
INFO: [ app_end ] --START--
INFO: Run Behavior\ShowPageTraceBehavior [ RunTime:0.000534s ]
INFO: [ app_end ] --END-- [ RunTime:0.000634s ]

[ 2016-07-26T14:31:22+08:00 ] ::1 /index.php/Home/index/index
INFO: [ app_init ] --START--
INFO: Run Behavior\BuildLiteBehavior [ RunTime:0.000021s ]
INFO: [ app_init ] --END-- [ RunTime:0.000548s ]
INFO: [ app_begin ] --START--
INFO: Run Behavior\ReadHtmlCacheBehavior [ RunTime:0.000700s ]
INFO: [ app_begin ] --END-- [ RunTime:0.000783s ]
INFO: [ app_end ] --START--
INFO: Run Behavior\ShowPageTraceBehavior [ RunTime:0.001001s ]
INFO: [ app_end ] --END-- [ RunTime:0.001151s ]

[ 2016-07-26T14:31:23+08:00 ] ::1 /index.php/Home/index/index
INFO: [ app_init ] --START--
INFO: Run Behavior\BuildLiteBehavior [ RunTime:0.000022s ]
INFO: [ app_init ] --END-- [ RunTime:0.000556s ]
INFO: [ app_begin ] --START--
INFO: Run Behavior\ReadHtmlCacheBehavior [ RunTime:0.000539s ]
INFO: [ app_begin ] --END-- [ RunTime:0.000616s ]
INFO: [ app_end ] --START--
INFO: Run Behavior\ShowPageTraceBehavior [ RunTime:0.000545s ]
INFO: [ app_end ] --END-- [ RunTime:0.000645s ]

[ 2016-07-26T14:31:24+08:00 ] ::1 /index.php/Home/index/index
INFO: [ app_init ] --START--
INFO: Run Behavior\BuildLiteBehavior [ RunTime:0.000015s ]
INFO: [ app_init ] --END-- [ RunTime:0.000370s ]
INFO: [ app_begin ] --START--
INFO: Run Behavior\ReadHtmlCacheBehavior [ RunTime:0.000472s ]
INFO: [ app_begin ] --END-- [ RunTime:0.000531s ]
INFO: [ app_end ] --START--
INFO: Run Behavior\ShowPageTraceBehavior [ RunTime:0.000546s ]
INFO: [ app_end ] --END-- [ RunTime:0.000646s ]

[ 2016-07-26T14:31:42+08:00 ] ::1 /index.php/Home/index/index
INFO: [ app_init ] --START--
INFO: Run Behavior\BuildLiteBehavior [ RunTime:0.000019s ]
INFO: [ app_init ] --END-- [ RunTime:0.000447s ]
INFO: [ app_begin ] --START--
INFO: Run Behavior\ReadHtmlCacheBehavior [ RunTime:0.000550s ]
INFO: [ app_begin ] --END-- [ RunTime:0.000623s ]
INFO: [ app_end ] --START--
INFO: Run Behavior\ShowPageTraceBehavior [ RunTime:0.000819s ]
INFO: [ app_end ] --END-- [ RunTime:0.000944s ]

[ 2016-07-26T14:37:59+08:00 ] ::1 /index.php/Home/index/index
INFO: [ app_init ] --START--
INFO: Run Behavior\BuildLiteBehavior [ RunTime:0.000024s ]
INFO: [ app_init ] --END-- [ RunTime:0.000686s ]
INFO: [ app_begin ] --START--
INFO: Run Behavior\ReadHtmlCacheBehavior [ RunTime:0.000706s ]
INFO: [ app_begin ] --END-- [ RunTime:0.000778s ]
INFO: [ app_end ] --START--
INFO: Run Behavior\ShowPageTraceBehavior [ RunTime:0.026955s ]
INFO: [ app_end ] --END-- [ RunTime:0.027184s ]

[ 2016-07-26T14:38:00+08:00 ] ::1 /index.php/Home/index/index
INFO: [ app_init ] --START--
INFO: Run Behavior\BuildLiteBehavior [ RunTime:0.000014s ]
INFO: [ app_init ] --END-- [ RunTime:0.000348s ]
INFO: [ app_begin ] --START--
INFO: Run Behavior\ReadHtmlCacheBehavior [ RunTime:0.000459s ]
INFO: [ app_begin ] --END-- [ RunTime:0.000517s ]
INFO: [ app_end ] --START--
INFO: Run Behavior\ShowPageTraceBehavior [ RunTime:0.000794s ]
INFO: [ app_end ] --END-- [ RunTime:0.000992s ]

[ 2016-07-26T14:38:12+08:00 ] ::1 /index.php/Home/index/index
INFO: [ app_init ] --START--
INFO: Run Behavior\BuildLiteBehavior [ RunTime:0.000027s ]
INFO: [ app_init ] --END-- [ RunTime:0.000561s ]
INFO: [ app_begin ] --START--
INFO: Run Behavior\ReadHtmlCacheBehavior [ RunTime:0.000615s ]
INFO: [ app_begin ] --END-- [ RunTime:0.000697s ]
INFO: [ app_end ] --START--
INFO: Run Behavior\ShowPageTraceBehavior [ RunTime:0.000973s ]
INFO: [ app_end ] --END-- [ RunTime:0.001114s ]

[ 2016-07-26T14:39:11+08:00 ] ::1 /index.php/Home/index/index
INFO: [ app_init ] --START--
INFO: Run Behavior\BuildLiteBehavior [ RunTime:0.000024s ]
INFO: [ app_init ] --END-- [ RunTime:0.000520s ]
INFO: [ app_begin ] --START--
INFO: Run Behavior\ReadHtmlCacheBehavior [ RunTime:0.000565s ]
INFO: [ app_begin ] --END-- [ RunTime:0.000636s ]
INFO: [ app_end ] --START--
INFO: Run Behavior\ShowPageTraceBehavior [ RunTime:0.000957s ]
INFO: [ app_end ] --END-- [ RunTime:0.001109s ]

[ 2016-07-26T14:56:48+08:00 ] ::1 /index.php/Home/index/index
INFO: [ app_init ] --START--
INFO: Run Behavior\BuildLiteBehavior [ RunTime:0.000034s ]
INFO: [ app_init ] --END-- [ RunTime:0.000771s ]
INFO: [ app_begin ] --START--
INFO: Run Behavior\ReadHtmlCacheBehavior [ RunTime:0.000816s ]
INFO: [ app_begin ] --END-- [ RunTime:0.000891s ]
INFO: [ app_end ] --START--
INFO: Run Behavior\ShowPageTraceBehavior [ RunTime:0.015602s ]
INFO: [ app_end ] --END-- [ RunTime:0.015716s ]

[ 2016-07-26T15:05:28+08:00 ] ::1 /index.php/Home/index/index
INFO: [ app_init ] --START--
INFO: Run Behavior\BuildLiteBehavior [ RunTime:0.000031s ]
INFO: [ app_init ] --END-- [ RunTime:0.000717s ]
INFO: [ app_begin ] --START--
INFO: Run Behavior\ReadHtmlCacheBehavior [ RunTime:0.008132s ]
INFO: [ app_begin ] --END-- [ RunTime:0.008222s ]
INFO: [ app_end ] --START--
INFO: Run Behavior\ShowPageTraceBehavior [ RunTime:0.015479s ]
INFO: [ app_end ] --END-- [ RunTime:0.015660s ]

[ 2016-07-26T15:13:39+08:00 ] ::1 /index.php/Home/index/index
INFO: [ app_init ] --START--
INFO: Run Behavior\BuildLiteBehavior [ RunTime:0.000052s ]
INFO: [ app_init ] --END-- [ RunTime:0.000780s ]
INFO: [ app_begin ] --START--
INFO: Run Behavior\ReadHtmlCacheBehavior [ RunTime:0.000842s ]
INFO: [ app_begin ] --END-- [ RunTime:0.000922s ]
INFO: [ app_end ] --START--
INFO: Run Behavior\ShowPageTraceBehavior [ RunTime:0.000797s ]
INFO: [ app_end ] --END-- [ RunTime:0.000891s ]

[ 2016-07-26T15:14:11+08:00 ] ::1 /index.php/Home/index/index
INFO: [ app_init ] --START--
INFO: Run Behavior\BuildLiteBehavior [ RunTime:0.000032s ]
INFO: [ app_init ] --END-- [ RunTime:0.000807s ]
INFO: [ app_begin ] --START--
INFO: Run Behavior\ReadHtmlCacheBehavior [ RunTime:0.000928s ]
INFO: [ app_begin ] --END-- [ RunTime:0.001028s ]

[ 2016-07-26T15:14:24+08:00 ] ::1 /index.php/Home/index/index
INFO: [ app_init ] --START--
INFO: Run Behavior\BuildLiteBehavior [ RunTime:0.000019s ]
INFO: [ app_init ] --END-- [ RunTime:0.000483s ]
INFO: [ app_begin ] --START--
INFO: Run Behavior\ReadHtmlCacheBehavior [ RunTime:0.000644s ]
INFO: [ app_begin ] --END-- [ RunTime:0.000715s ]
INFO: [ app_end ] --START--
INFO: Run Behavior\ShowPageTraceBehavior [ RunTime:0.015521s ]
INFO: [ app_end ] --END-- [ RunTime:0.015769s ]

[ 2016-07-26T15:14:42+08:00 ] ::1 /index.php/Home/index/index
INFO: [ app_init ] --START--
INFO: Run Behavior\BuildLiteBehavior [ RunTime:0.000023s ]
INFO: [ app_init ] --END-- [ RunTime:0.000707s ]
INFO: [ app_begin ] --START--
INFO: Run Behavior\ReadHtmlCacheBehavior [ RunTime:0.000857s ]
INFO: [ app_begin ] --END-- [ RunTime:0.000937s ]
INFO: [ app_end ] --START--
INFO: Run Behavior\ShowPageTraceBehavior [ RunTime:0.001196s ]
INFO: [ app_end ] --END-- [ RunTime:0.001368s ]

[ 2016-07-26T15:14:51+08:00 ] ::1 /index.php/Home/index/index
INFO: [ app_init ] --START--
INFO: Run Behavior\BuildLiteBehavior [ RunTime:0.000024s ]
INFO: [ app_init ] --END-- [ RunTime:0.000504s ]
INFO: [ app_begin ] --START--
INFO: Run Behavior\ReadHtmlCacheBehavior [ RunTime:0.000583s ]
INFO: [ app_begin ] --END-- [ RunTime:0.000650s ]
INFO: [ app_end ] --START--
INFO: Run Behavior\ShowPageTraceBehavior [ RunTime:0.000894s ]
INFO: [ app_end ] --END-- [ RunTime:0.001065s ]

[ 2016-07-26T15:14:57+08:00 ] ::1 /index.php/Home/index/index
INFO: [ app_init ] --START--
INFO: Run Behavior\BuildLiteBehavior [ RunTime:0.000015s ]
INFO: [ app_init ] --END-- [ RunTime:0.000355s ]
INFO: [ app_begin ] --START--
INFO: Run Behavior\ReadHtmlCacheBehavior [ RunTime:0.000484s ]
INFO: [ app_begin ] --END-- [ RunTime:0.000543s ]
INFO: [ app_end ] --START--
INFO: Run Behavior\ShowPageTraceBehavior [ RunTime:0.000789s ]
INFO: [ app_end ] --END-- [ RunTime:0.000894s ]

[ 2016-07-26T15:15:19+08:00 ] ::1 /index.php/Home/index/index
INFO: [ app_init ] --START--
INFO: Run Behavior\BuildLiteBehavior [ RunTime:0.000018s ]
INFO: [ app_init ] --END-- [ RunTime:0.000650s ]
INFO: [ app_begin ] --START--
INFO: Run Behavior\ReadHtmlCacheBehavior [ RunTime:0.000697s ]
INFO: [ app_begin ] --END-- [ RunTime:0.000783s ]
INFO: [ app_end ] --START--
INFO: Run Behavior\ShowPageTraceBehavior [ RunTime:0.015902s ]
INFO: [ app_end ] --END-- [ RunTime:0.016016s ]

[ 2016-07-26T15:15:46+08:00 ] ::1 /index.php/Home/index/index
INFO: [ app_init ] --START--
INFO: Run Behavior\BuildLiteBehavior [ RunTime:0.000025s ]
INFO: [ app_init ] --END-- [ RunTime:0.000485s ]
INFO: [ app_begin ] --START--
INFO: Run Behavior\ReadHtmlCacheBehavior [ RunTime:0.000562s ]
INFO: [ app_begin ] --END-- [ RunTime:0.000640s ]
NOTIC: [2] DOMDocument::loadHTML(): htmlParseEntityRef: expecting ';' in Entity, line: 23 /Applications/MAMP/htdocs/djkj/ThinkPHP/Library/Vendor/Spider/Htmldom.class.php 第 36 行.
NOTIC: [2] DOMDocument::loadHTML(): htmlParseEntityRef: expecting ';' in Entity, line: 23 /Applications/MAMP/htdocs/djkj/ThinkPHP/Library/Vendor/Spider/Htmldom.class.php 第 36 行.
NOTIC: [2] DOMDocument::loadHTML(): htmlParseEntityRef: expecting ';' in Entity, line: 23 /Applications/MAMP/htdocs/djkj/ThinkPHP/Library/Vendor/Spider/Htmldom.class.php 第 36 行.
NOTIC: [2] DOMDocument::loadHTML(): htmlParseEntityRef: expecting ';' in Entity, line: 23 /Applications/MAMP/htdocs/djkj/ThinkPHP/Library/Vendor/Spider/Htmldom.class.php 第 36 行.
NOTIC: [2] DOMDocument::loadHTML(): htmlParseEntityRef: expecting ';' in Entity, line: 23 /Applications/MAMP/htdocs/djkj/ThinkPHP/Library/Vendor/Spider/Htmldom.class.php 第 36 行.
NOTIC: [2] DOMDocument::loadHTML(): htmlParseEntityRef: expecting ';' in Entity, line: 23 /Applications/MAMP/htdocs/djkj/ThinkPHP/Library/Vendor/Spider/Htmldom.class.php 第 36 行.
NOTIC: [2] DOMDocument::loadHTML(): htmlParseEntityRef: expecting ';' in Entity, line: 23 /Applications/MAMP/htdocs/djkj/ThinkPHP/Library/Vendor/Spider/Htmldom.class.php 第 36 行.
NOTIC: [2] DOMDocument::loadHTML(): htmlParseEntityRef: expecting ';' in Entity, line: 23 /Applications/MAMP/htdocs/djkj/ThinkPHP/Library/Vendor/Spider/Htmldom.class.php 第 36 行.
NOTIC: [2] DOMDocument::loadHTML(): htmlParseEntityRef: expecting ';' in Entity, line: 23 /Applications/MAMP/htdocs/djkj/ThinkPHP/Library/Vendor/Spider/Htmldom.class.php 第 36 行.
NOTIC: [2] DOMDocument::loadHTML(): htmlParseEntityRef: expecting ';' in Entity, line: 23 /Applications/MAMP/htdocs/djkj/ThinkPHP/Library/Vendor/Spider/Htmldom.class.php 第 36 行.
NOTIC: [2] DOMDocument::loadHTML(): htmlParseEntityRef: expecting ';' in Entity, line: 23 /Applications/MAMP/htdocs/djkj/ThinkPHP/Library/Vendor/Spider/Htmldom.class.php 第 36 行.
NOTIC: [2] DOMDocument::loadHTML(): htmlParseEntityRef: expecting ';' in Entity, line: 23 /Applications/MAMP/htdocs/djkj/ThinkPHP/Library/Vendor/Spider/Htmldom.class.php 第 36 行.
NOTIC: [2] DOMDocument::loadHTML(): htmlParseEntityRef: expecting ';' in Entity, line: 23 /Applications/MAMP/htdocs/djkj/ThinkPHP/Library/Vendor/Spider/Htmldom.class.php 第 36 行.
NOTIC: [2] DOMDocument::loadHTML(): htmlParseEntityRef: expecting ';' in Entity, line: 23 /Applications/MAMP/htdocs/djkj/ThinkPHP/Library/Vendor/Spider/Htmldom.class.php 第 36 行.
NOTIC: [2] DOMDocument::loadHTML(): htmlParseEntityRef: expecting ';' in Entity, line: 23 /Applications/MAMP/htdocs/djkj/ThinkPHP/Library/Vendor/Spider/Htmldom.class.php 第 36 行.
NOTIC: [2] DOMDocument::loadHTML(): htmlParseEntityRef: expecting ';' in Entity, line: 23 /Applications/MAMP/htdocs/djkj/ThinkPHP/Library/Vendor/Spider/Htmldom.class.php 第 36 行.
NOTIC: [2] DOMDocument::loadHTML(): htmlParseEntityRef: expecting ';' in Entity, line: 23 /Applications/MAMP/htdocs/djkj/ThinkPHP/Library/Vendor/Spider/Htmldom.class.php 第 36 行.
NOTIC: [2] DOMDocument::loadHTML(): htmlParseEntityRef: expecting ';' in Entity, line: 23 /Applications/MAMP/htdocs/djkj/ThinkPHP/Library/Vendor/Spider/Htmldom.class.php 第 36 行.
NOTIC: [2] DOMDocument::loadHTML(): htmlParseEntityRef: expecting ';' in Entity, line: 23 /Applications/MAMP/htdocs/djkj/ThinkPHP/Library/Vendor/Spider/Htmldom.class.php 第 36 行.
NOTIC: [2] DOMDocument::loadHTML(): htmlParseEntityRef: expecting ';' in Entity, line: 23 /Applications/MAMP/htdocs/djkj/ThinkPHP/Library/Vendor/Spider/Htmldom.class.php 第 36 行.
NOTIC: [2] DOMDocument::loadHTML(): htmlParseEntityRef: expecting ';' in Entity, line: 23 /Applications/MAMP/htdocs/djkj/ThinkPHP/Library/Vendor/Spider/Htmldom.class.php 第 36 行.
NOTIC: [2] DOMDocument::loadHTML(): htmlParseEntityRef: expecting ';' in Entity, line: 23 /Applications/MAMP/htdocs/djkj/ThinkPHP/Library/Vendor/Spider/Htmldom.class.php 第 36 行.
NOTIC: [2] DOMDocument::loadHTML(): htmlParseEntityRef: expecting ';' in Entity, line: 23 /Applications/MAMP/htdocs/djkj/ThinkPHP/Library/Vendor/Spider/Htmldom.class.php 第 36 行.
NOTIC: [2] DOMDocument::loadHTML(): htmlParseEntityRef: expecting ';' in Entity, line: 23 /Applications/MAMP/htdocs/djkj/ThinkPHP/Library/Vendor/Spider/Htmldom.class.php 第 36 行.
NOTIC: [2] DOMDocument::loadHTML(): htmlParseEntityRef: expecting ';' in Entity, line: 23 /Applications/MAMP/htdocs/djkj/ThinkPHP/Library/Vendor/Spider/Htmldom.class.php 第 36 行.
NOTIC: [2] DOMDocument::loadHTML(): htmlParseEntityRef: expecting ';' in Entity, line: 23 /Applications/MAMP/htdocs/djkj/ThinkPHP/Library/Vendor/Spider/Htmldom.class.php 第 36 行.
NOTIC: [2] DOMDocument::loadHTML(): htmlParseEntityRef: expecting ';' in Entity, line: 23 /Applications/MAMP/htdocs/djkj/ThinkPHP/Library/Vendor/Spider/Htmldom.class.php 第 36 行.
NOTIC: [2] DOMDocument::loadHTML(): htmlParseEntityRef: expecting ';' in Entity, line: 23 /Applications/MAMP/htdocs/djkj/ThinkPHP/Library/Vendor/Spider/Htmldom.class.php 第 36 行.
NOTIC: [2] DOMDocument::loadHTML(): htmlParseEntityRef: expecting ';' in Entity, line: 23 /Applications/MAMP/htdocs/djkj/ThinkPHP/Library/Vendor/Spider/Htmldom.class.php 第 36 行.
NOTIC: [2] DOMDocument::loadHTML(): htmlParseEntityRef: expecting ';' in Entity, line: 23 /Applications/MAMP/htdocs/djkj/ThinkPHP/Library/Vendor/Spider/Htmldom.class.php 第 36 行.
NOTIC: [2] DOMDocument::loadHTML(): htmlParseEntityRef: expecting ';' in Entity, line: 23 /Applications/MAMP/htdocs/djkj/ThinkPHP/Library/Vendor/Spider/Htmldom.class.php 第 36 行.
NOTIC: [2] DOMDocument::loadHTML(): ID lb already defined in Entity, line: 23 /Applications/MAMP/htdocs/djkj/ThinkPHP/Library/Vendor/Spider/Htmldom.class.php 第 36 行.
NOTIC: [2] DOMDocument::loadHTML(): ID ime_hw already defined in Entity, line: 23 /Applications/MAMP/htdocs/djkj/ThinkPHP/Library/Vendor/Spider/Htmldom.class.php 第 36 行.
NOTIC: [2] DOMDocument::loadHTML(): ID ime_py already defined in Entity, line: 23 /Applications/MAMP/htdocs/djkj/ThinkPHP/Library/Vendor/Spider/Htmldom.class.php 第 36 行.
NOTIC: [2] DOMDocument::loadHTML(): ID ime_cl already defined in Entity, line: 23 /Applications/MAMP/htdocs/djkj/ThinkPHP/Library/Vendor/Spider/Htmldom.class.php 第 36 行.
INFO: [ app_end ] --START--
INFO: Run Behavior\ShowPageTraceBehavior [ RunTime:0.000962s ]
INFO: [ app_end ] --END-- [ RunTime:0.001105s ]

[ 2016-07-26T15:15:54+08:00 ] ::1 /index.php/Home/index/index
INFO: [ app_init ] --START--
INFO: Run Behavior\BuildLiteBehavior [ RunTime:0.000016s ]
INFO: [ app_init ] --END-- [ RunTime:0.000359s ]
INFO: [ app_begin ] --START--
INFO: Run Behavior\ReadHtmlCacheBehavior [ RunTime:0.000569s ]
INFO: [ app_begin ] --END-- [ RunTime:0.000644s ]
NOTIC: [2] DOMDocument::loadHTML(): htmlParseEntityRef: expecting ';' in Entity, line: 23 /Applications/MAMP/htdocs/djkj/ThinkPHP/Library/Vendor/Spider/Htmldom.class.php 第 36 行.
NOTIC: [2] DOMDocument::loadHTML(): htmlParseEntityRef: expecting ';' in Entity, line: 23 /Applications/MAMP/htdocs/djkj/ThinkPHP/Library/Vendor/Spider/Htmldom.class.php 第 36 行.
NOTIC: [2] DOMDocument::loadHTML(): htmlParseEntityRef: expecting ';' in Entity, line: 23 /Applications/MAMP/htdocs/djkj/ThinkPHP/Library/Vendor/Spider/Htmldom.class.php 第 36 行.
NOTIC: [2] DOMDocument::loadHTML(): htmlParseEntityRef: expecting ';' in Entity, line: 23 /Applications/MAMP/htdocs/djkj/ThinkPHP/Library/Vendor/Spider/Htmldom.class.php 第 36 行.
NOTIC: [2] DOMDocument::loadHTML(): htmlParseEntityRef: expecting ';' in Entity, line: 23 /Applications/MAMP/htdocs/djkj/ThinkPHP/Library/Vendor/Spider/Htmldom.class.php 第 36 行.
NOTIC: [2] DOMDocument::loadHTML(): htmlParseEntityRef: expecting ';' in Entity, line: 23 /Applications/MAMP/htdocs/djkj/ThinkPHP/Library/Vendor/Spider/Htmldom.class.php 第 36 行.
NOTIC: [2] DOMDocument::loadHTML(): htmlParseEntityRef: expecting ';' in Entity, line: 23 /Applications/MAMP/htdocs/djkj/ThinkPHP/Library/Vendor/Spider/Htmldom.class.php 第 36 行.
NOTIC: [2] DOMDocument::loadHTML(): htmlParseEntityRef: expecting ';' in Entity, line: 23 /Applications/MAMP/htdocs/djkj/ThinkPHP/Library/Vendor/Spider/Htmldom.class.php 第 36 行.
NOTIC: [2] DOMDocument::loadHTML(): htmlParseEntityRef: expecting ';' in Entity, line: 23 /Applications/MAMP/htdocs/djkj/ThinkPHP/Library/Vendor/Spider/Htmldom.class.php 第 36 行.
NOTIC: [2] DOMDocument::loadHTML(): htmlParseEntityRef: expecting ';' in Entity, line: 23 /Applications/MAMP/htdocs/djkj/ThinkPHP/Library/Vendor/Spider/Htmldom.class.php 第 36 行.
NOTIC: [2] DOMDocument::loadHTML(): htmlParseEntityRef: expecting ';' in Entity, line: 23 /Applications/MAMP/htdocs/djkj/ThinkPHP/Library/Vendor/Spider/Htmldom.class.php 第 36 行.
NOTIC: [2] DOMDocument::loadHTML(): htmlParseEntityRef: expecting ';' in Entity, line: 23 /Applications/MAMP/htdocs/djkj/ThinkPHP/Library/Vendor/Spider/Htmldom.class.php 第 36 行.
NOTIC: [2] DOMDocument::loadHTML(): htmlParseEntityRef: expecting ';' in Entity, line: 23 /Applications/MAMP/htdocs/djkj/ThinkPHP/Library/Vendor/Spider/Htmldom.class.php 第 36 行.
NOTIC: [2] DOMDocument::loadHTML(): htmlParseEntityRef: expecting ';' in Entity, line: 23 /Applications/MAMP/htdocs/djkj/ThinkPHP/Library/Vendor/Spider/Htmldom.class.php 第 36 行.
NOTIC: [2] DOMDocument::loadHTML(): htmlParseEntityRef: expecting ';' in Entity, line: 23 /Applications/MAMP/htdocs/djkj/ThinkPHP/Library/Vendor/Spider/Htmldom.class.php 第 36 行.
NOTIC: [2] DOMDocument::loadHTML(): htmlParseEntityRef: expecting ';' in Entity, line: 23 /Applications/MAMP/htdocs/djkj/ThinkPHP/Library/Vendor/Spider/Htmldom.class.php 第 36 行.
NOTIC: [2] DOMDocument::loadHTML(): htmlParseEntityRef: expecting ';' in Entity, line: 23 /Applications/MAMP/htdocs/djkj/ThinkPHP/Library/Vendor/Spider/Htmldom.class.php 第 36 行.
NOTIC: [2] DOMDocument::loadHTML(): htmlParseEntityRef: expecting ';' in Entity, line: 23 /Applications/MAMP/htdocs/djkj/ThinkPHP/Library/Vendor/Spider/Htmldom.class.php 第 36 行.
NOTIC: [2] DOMDocument::loadHTML(): htmlParseEntityRef: expecting ';' in Entity, line: 23 /Applications/MAMP/htdocs/djkj/ThinkPHP/Library/Vendor/Spider/Htmldom.class.php 第 36 行.
NOTIC: [2] DOMDocument::loadHTML(): htmlParseEntityRef: expecting ';' in Entity, line: 23 /Applications/MAMP/htdocs/djkj/ThinkPHP/Library/Vendor/Spider/Htmldom.class.php 第 36 行.
NOTIC: [2] DOMDocument::loadHTML(): htmlParseEntityRef: expecting ';' in Entity, line: 23 /Applications/MAMP/htdocs/djkj/ThinkPHP/Library/Vendor/Spider/Htmldom.class.php 第 36 行.
NOTIC: [2] DOMDocument::loadHTML(): htmlParseEntityRef: expecting ';' in Entity, line: 23 /Applications/MAMP/htdocs/djkj/ThinkPHP/Library/Vendor/Spider/Htmldom.class.php 第 36 行.
NOTIC: [2] DOMDocument::loadHTML(): htmlParseEntityRef: expecting ';' in Entity, line: 23 /Applications/MAMP/htdocs/djkj/ThinkPHP/Library/Vendor/Spider/Htmldom.class.php 第 36 行.
NOTIC: [2] DOMDocument::loadHTML(): htmlParseEntityRef: expecting ';' in Entity, line: 23 /Applications/MAMP/htdocs/djkj/ThinkPHP/Library/Vendor/Spider/Htmldom.class.php 第 36 行.
NOTIC: [2] DOMDocument::loadHTML(): htmlParseEntityRef: expecting ';' in Entity, line: 23 /Applications/MAMP/htdocs/djkj/ThinkPHP/Library/Vendor/Spider/Htmldom.class.php 第 36 行.
NOTIC: [2] DOMDocument::loadHTML(): htmlParseEntityRef: expecting ';' in Entity, line: 23 /Applications/MAMP/htdocs/djkj/ThinkPHP/Library/Vendor/Spider/Htmldom.class.php 第 36 行.
NOTIC: [2] DOMDocument::loadHTML(): htmlParseEntityRef: expecting ';' in Entity, line: 23 /Applications/MAMP/htdocs/djkj/ThinkPHP/Library/Vendor/Spider/Htmldom.class.php 第 36 行.
NOTIC: [2] DOMDocument::loadHTML(): htmlParseEntityRef: expecting ';' in Entity, line: 23 /Applications/MAMP/htdocs/djkj/ThinkPHP/Library/Vendor/Spider/Htmldom.class.php 第 36 行.
NOTIC: [2] DOMDocument::loadHTML(): htmlParseEntityRef: expecting ';' in Entity, line: 23 /Applications/MAMP/htdocs/djkj/ThinkPHP/Library/Vendor/Spider/Htmldom.class.php 第 36 行.
NOTIC: [2] DOMDocument::loadHTML(): htmlParseEntityRef: expecting ';' in Entity, line: 23 /Applications/MAMP/htdocs/djkj/ThinkPHP/Library/Vendor/Spider/Htmldom.class.php 第 36 行.
NOTIC: [2] DOMDocument::loadHTML(): htmlParseEntityRef: expecting ';' in Entity, line: 23 /Applications/MAMP/htdocs/djkj/ThinkPHP/Library/Vendor/Spider/Htmldom.class.php 第 36 行.
NOTIC: [2] DOMDocument::loadHTML(): ID lb already defined in Entity, line: 23 /Applications/MAMP/htdocs/djkj/ThinkPHP/Library/Vendor/Spider/Htmldom.class.php 第 36 行.
NOTIC: [2] DOMDocument::loadHTML(): ID ime_hw already defined in Entity, line: 23 /Applications/MAMP/htdocs/djkj/ThinkPHP/Library/Vendor/Spider/Htmldom.class.php 第 36 行.
NOTIC: [2] DOMDocument::loadHTML(): ID ime_py already defined in Entity, line: 23 /Applications/MAMP/htdocs/djkj/ThinkPHP/Library/Vendor/Spider/Htmldom.class.php 第 36 行.
NOTIC: [2] DOMDocument::loadHTML(): ID ime_cl already defined in Entity, line: 23 /Applications/MAMP/htdocs/djkj/ThinkPHP/Library/Vendor/Spider/Htmldom.class.php 第 36 行.
INFO: [ app_end ] --START--
INFO: Run Behavior\ShowPageTraceBehavior [ RunTime:0.000957s ]
INFO: [ app_end ] --END-- [ RunTime:0.001191s ]

[ 2016-07-26T15:15:56+08:00 ] ::1 /index.php/Home/index/index
INFO: [ app_init ] --START--
INFO: Run Behavior\BuildLiteBehavior [ RunTime:0.000015s ]
INFO: [ app_init ] --END-- [ RunTime:0.000388s ]
INFO: [ app_begin ] --START--
INFO: Run Behavior\ReadHtmlCacheBehavior [ RunTime:0.000458s ]
INFO: [ app_begin ] --END-- [ RunTime:0.000518s ]
NOTIC: [2] DOMDocument::loadHTML(): htmlParseEntityRef: expecting ';' in Entity, line: 23 /Applications/MAMP/htdocs/djkj/ThinkPHP/Library/Vendor/Spider/Htmldom.class.php 第 36 行.
NOTIC: [2] DOMDocument::loadHTML(): htmlParseEntityRef: expecting ';' in Entity, line: 23 /Applications/MAMP/htdocs/djkj/ThinkPHP/Library/Vendor/Spider/Htmldom.class.php 第 36 行.
NOTIC: [2] DOMDocument::loadHTML(): htmlParseEntityRef: expecting ';' in Entity, line: 23 /Applications/MAMP/htdocs/djkj/ThinkPHP/Library/Vendor/Spider/Htmldom.class.php 第 36 行.
NOTIC: [2] DOMDocument::loadHTML(): htmlParseEntityRef: expecting ';' in Entity, line: 23 /Applications/MAMP/htdocs/djkj/ThinkPHP/Library/Vendor/Spider/Htmldom.class.php 第 36 行.
NOTIC: [2] DOMDocument::loadHTML(): htmlParseEntityRef: expecting ';' in Entity, line: 23 /Applications/MAMP/htdocs/djkj/ThinkPHP/Library/Vendor/Spider/Htmldom.class.php 第 36 行.
NOTIC: [2] DOMDocument::loadHTML(): htmlParseEntityRef: expecting ';' in Entity, line: 23 /Applications/MAMP/htdocs/djkj/ThinkPHP/Library/Vendor/Spider/Htmldom.class.php 第 36 行.
NOTIC: [2] DOMDocument::loadHTML(): htmlParseEntityRef: expecting ';' in Entity, line: 23 /Applications/MAMP/htdocs/djkj/ThinkPHP/Library/Vendor/Spider/Htmldom.class.php 第 36 行.
NOTIC: [2] DOMDocument::loadHTML(): htmlParseEntityRef: expecting ';' in Entity, line: 23 /Applications/MAMP/htdocs/djkj/ThinkPHP/Library/Vendor/Spider/Htmldom.class.php 第 36 行.
NOTIC: [2] DOMDocument::loadHTML(): htmlParseEntityRef: expecting ';' in Entity, line: 23 /Applications/MAMP/htdocs/djkj/ThinkPHP/Library/Vendor/Spider/Htmldom.class.php 第 36 行.
NOTIC: [2] DOMDocument::loadHTML(): htmlParseEntityRef: expecting ';' in Entity, line: 23 /Applications/MAMP/htdocs/djkj/ThinkPHP/Library/Vendor/Spider/Htmldom.class.php 第 36 行.
NOTIC: [2] DOMDocument::loadHTML(): htmlParseEntityRef: expecting ';' in Entity, line: 23 /Applications/MAMP/htdocs/djkj/ThinkPHP/Library/Vendor/Spider/Htmldom.class.php 第 36 行.
NOTIC: [2] DOMDocument::loadHTML(): htmlParseEntityRef: expecting ';' in Entity, line: 23 /Applications/MAMP/htdocs/djkj/ThinkPHP/Library/Vendor/Spider/Htmldom.class.php 第 36 行.
NOTIC: [2] DOMDocument::loadHTML(): htmlParseEntityRef: expecting ';' in Entity, line: 23 /Applications/MAMP/htdocs/djkj/ThinkPHP/Library/Vendor/Spider/Htmldom.class.php 第 36 行.
NOTIC: [2] DOMDocument::loadHTML(): htmlParseEntityRef: expecting ';' in Entity, line: 23 /Applications/MAMP/htdocs/djkj/ThinkPHP/Library/Vendor/Spider/Htmldom.class.php 第 36 行.
NOTIC: [2] DOMDocument::loadHTML(): htmlParseEntityRef: expecting ';' in Entity, line: 23 /Applications/MAMP/htdocs/djkj/ThinkPHP/Library/Vendor/Spider/Htmldom.class.php 第 36 行.
NOTIC: [2] DOMDocument::loadHTML(): htmlParseEntityRef: expecting ';' in Entity, line: 23 /Applications/MAMP/htdocs/djkj/ThinkPHP/Library/Vendor/Spider/Htmldom.class.php 第 36 行.
NOTIC: [2] DOMDocument::loadHTML(): htmlParseEntityRef: expecting ';' in Entity, line: 23 /Applications/MAMP/htdocs/djkj/ThinkPHP/Library/Vendor/Spider/Htmldom.class.php 第 36 行.
NOTIC: [2] DOMDocument::loadHTML(): htmlParseEntityRef: expecting ';' in Entity, line: 23 /Applications/MAMP/htdocs/djkj/ThinkPHP/Library/Vendor/Spider/Htmldom.class.php 第 36 行.
NOTIC: [2] DOMDocument::loadHTML(): htmlParseEntityRef: expecting ';' in Entity, line: 23 /Applications/MAMP/htdocs/djkj/ThinkPHP/Library/Vendor/Spider/Htmldom.class.php 第 36 行.
NOTIC: [2] DOMDocument::loadHTML(): htmlParseEntityRef: expecting ';' in Entity, line: 23 /Applications/MAMP/htdocs/djkj/ThinkPHP/Library/Vendor/Spider/Htmldom.class.php 第 36 行.
NOTIC: [2] DOMDocument::loadHTML(): htmlParseEntityRef: expecting ';' in Entity, line: 23 /Applications/MAMP/htdocs/djkj/ThinkPHP/Library/Vendor/Spider/Htmldom.class.php 第 36 行.
NOTIC: [2] DOMDocument::loadHTML(): htmlParseEntityRef: expecting ';' in Entity, line: 23 /Applications/MAMP/htdocs/djkj/ThinkPHP/Library/Vendor/Spider/Htmldom.class.php 第 36 行.
NOTIC: [2] DOMDocument::loadHTML(): htmlParseEntityRef: expecting ';' in Entity, line: 23 /Applications/MAMP/htdocs/djkj/ThinkPHP/Library/Vendor/Spider/Htmldom.class.php 第 36 行.
NOTIC: [2] DOMDocument::loadHTML(): htmlParseEntityRef: expecting ';' in Entity, line: 23 /Applications/MAMP/htdocs/djkj/ThinkPHP/Library/Vendor/Spider/Htmldom.class.php 第 36 行.
NOTIC: [2] DOMDocument::loadHTML(): htmlParseEntityRef: expecting ';' in Entity, line: 23 /Applications/MAMP/htdocs/djkj/ThinkPHP/Library/Vendor/Spider/Htmldom.class.php 第 36 行.
NOTIC: [2] DOMDocument::loadHTML(): htmlParseEntityRef: expecting ';' in Entity, line: 23 /Applications/MAMP/htdocs/djkj/ThinkPHP/Library/Vendor/Spider/Htmldom.class.php 第 36 行.
NOTIC: [2] DOMDocument::loadHTML(): htmlParseEntityRef: expecting ';' in Entity, line: 23 /Applications/MAMP/htdocs/djkj/ThinkPHP/Library/Vendor/Spider/Htmldom.class.php 第 36 行.
NOTIC: [2] DOMDocument::loadHTML(): htmlParseEntityRef: expecting ';' in Entity, line: 23 /Applications/MAMP/htdocs/djkj/ThinkPHP/Library/Vendor/Spider/Htmldom.class.php 第 36 行.
NOTIC: [2] DOMDocument::loadHTML(): htmlParseEntityRef: expecting ';' in Entity, line: 23 /Applications/MAMP/htdocs/djkj/ThinkPHP/Library/Vendor/Spider/Htmldom.class.php 第 36 行.
NOTIC: [2] DOMDocument::loadHTML(): htmlParseEntityRef: expecting ';' in Entity, line: 23 /Applications/MAMP/htdocs/djkj/ThinkPHP/Library/Vendor/Spider/Htmldom.class.php 第 36 行.
NOTIC: [2] DOMDocument::loadHTML(): htmlParseEntityRef: expecting ';' in Entity, line: 23 /Applications/MAMP/htdocs/djkj/ThinkPHP/Library/Vendor/Spider/Htmldom.class.php 第 36 行.
NOTIC: [2] DOMDocument::loadHTML(): ID lb already defined in Entity, line: 23 /Applications/MAMP/htdocs/djkj/ThinkPHP/Library/Vendor/Spider/Htmldom.class.php 第 36 行.
NOTIC: [2] DOMDocument::loadHTML(): ID ime_hw already defined in Entity, line: 23 /Applications/MAMP/htdocs/djkj/ThinkPHP/Library/Vendor/Spider/Htmldom.class.php 第 36 行.
NOTIC: [2] DOMDocument::loadHTML(): ID ime_py already defined in Entity, line: 23 /Applications/MAMP/htdocs/djkj/ThinkPHP/Library/Vendor/Spider/Htmldom.class.php 第 36 行.
NOTIC: [2] DOMDocument::loadHTML(): ID ime_cl already defined in Entity, line: 23 /Applications/MAMP/htdocs/djkj/ThinkPHP/Library/Vendor/Spider/Htmldom.class.php 第 36 行.
INFO: [ app_end ] --START--
INFO: Run Behavior\ShowPageTraceBehavior [ RunTime:0.000714s ]
INFO: [ app_end ] --END-- [ RunTime:0.000823s ]

[ 2016-07-26T15:16:01+08:00 ] ::1 /index.php/Home/index/index
INFO: [ app_init ] --START--
INFO: Run Behavior\BuildLiteBehavior [ RunTime:0.000020s ]
INFO: [ app_init ] --END-- [ RunTime:0.000725s ]
INFO: [ app_begin ] --START--
INFO: Run Behavior\ReadHtmlCacheBehavior [ RunTime:0.000516s ]
INFO: [ app_begin ] --END-- [ RunTime:0.000588s ]
NOTIC: [2] DOMDocument::loadHTML(): htmlParseEntityRef: expecting ';' in Entity, line: 23 /Applications/MAMP/htdocs/djkj/ThinkPHP/Library/Vendor/Spider/Htmldom.class.php 第 36 行.
NOTIC: [2] DOMDocument::loadHTML(): htmlParseEntityRef: expecting ';' in Entity, line: 23 /Applications/MAMP/htdocs/djkj/ThinkPHP/Library/Vendor/Spider/Htmldom.class.php 第 36 行.
NOTIC: [2] DOMDocument::loadHTML(): htmlParseEntityRef: expecting ';' in Entity, line: 23 /Applications/MAMP/htdocs/djkj/ThinkPHP/Library/Vendor/Spider/Htmldom.class.php 第 36 行.
NOTIC: [2] DOMDocument::loadHTML(): htmlParseEntityRef: expecting ';' in Entity, line: 23 /Applications/MAMP/htdocs/djkj/ThinkPHP/Library/Vendor/Spider/Htmldom.class.php 第 36 行.
NOTIC: [2] DOMDocument::loadHTML(): htmlParseEntityRef: expecting ';' in Entity, line: 23 /Applications/MAMP/htdocs/djkj/ThinkPHP/Library/Vendor/Spider/Htmldom.class.php 第 36 行.
NOTIC: [2] DOMDocument::loadHTML(): htmlParseEntityRef: expecting ';' in Entity, line: 23 /Applications/MAMP/htdocs/djkj/ThinkPHP/Library/Vendor/Spider/Htmldom.class.php 第 36 行.
NOTIC: [2] DOMDocument::loadHTML(): htmlParseEntityRef: expecting ';' in Entity, line: 23 /Applications/MAMP/htdocs/djkj/ThinkPHP/Library/Vendor/Spider/Htmldom.class.php 第 36 行.
NOTIC: [2] DOMDocument::loadHTML(): htmlParseEntityRef: expecting ';' in Entity, line: 23 /Applications/MAMP/htdocs/djkj/ThinkPHP/Library/Vendor/Spider/Htmldom.class.php 第 36 行.
NOTIC: [2] DOMDocument::loadHTML(): htmlParseEntityRef: expecting ';' in Entity, line: 23 /Applications/MAMP/htdocs/djkj/ThinkPHP/Library/Vendor/Spider/Htmldom.class.php 第 36 行.
NOTIC: [2] DOMDocument::loadHTML(): htmlParseEntityRef: expecting ';' in Entity, line: 23 /Applications/MAMP/htdocs/djkj/ThinkPHP/Library/Vendor/Spider/Htmldom.class.php 第 36 行.
NOTIC: [2] DOMDocument::loadHTML(): htmlParseEntityRef: expecting ';' in Entity, line: 23 /Applications/MAMP/htdocs/djkj/ThinkPHP/Library/Vendor/Spider/Htmldom.class.php 第 36 行.
NOTIC: [2] DOMDocument::loadHTML(): htmlParseEntityRef: expecting ';' in Entity, line: 23 /Applications/MAMP/htdocs/djkj/ThinkPHP/Library/Vendor/Spider/Htmldom.class.php 第 36 行.
NOTIC: [2] DOMDocument::loadHTML(): htmlParseEntityRef: expecting ';' in Entity, line: 23 /Applications/MAMP/htdocs/djkj/ThinkPHP/Library/Vendor/Spider/Htmldom.class.php 第 36 行.
NOTIC: [2] DOMDocument::loadHTML(): htmlParseEntityRef: expecting ';' in Entity, line: 23 /Applications/MAMP/htdocs/djkj/ThinkPHP/Library/Vendor/Spider/Htmldom.class.php 第 36 行.
NOTIC: [2] DOMDocument::loadHTML(): htmlParseEntityRef: expecting ';' in Entity, line: 23 /Applications/MAMP/htdocs/djkj/ThinkPHP/Library/Vendor/Spider/Htmldom.class.php 第 36 行.
NOTIC: [2] DOMDocument::loadHTML(): htmlParseEntityRef: expecting ';' in Entity, line: 23 /Applications/MAMP/htdocs/djkj/ThinkPHP/Library/Vendor/Spider/Htmldom.class.php 第 36 行.
NOTIC: [2] DOMDocument::loadHTML(): htmlParseEntityRef: expecting ';' in Entity, line: 23 /Applications/MAMP/htdocs/djkj/ThinkPHP/Library/Vendor/Spider/Htmldom.class.php 第 36 行.
NOTIC: [2] DOMDocument::loadHTML(): htmlParseEntityRef: expecting ';' in Entity, line: 23 /Applications/MAMP/htdocs/djkj/ThinkPHP/Library/Vendor/Spider/Htmldom.class.php 第 36 行.
NOTIC: [2] DOMDocument::loadHTML(): htmlParseEntityRef: expecting ';' in Entity, line: 23 /Applications/MAMP/htdocs/djkj/ThinkPHP/Library/Vendor/Spider/Htmldom.class.php 第 36 行.
NOTIC: [2] DOMDocument::loadHTML(): htmlParseEntityRef: expecting ';' in Entity, line: 23 /Applications/MAMP/htdocs/djkj/ThinkPHP/Library/Vendor/Spider/Htmldom.class.php 第 36 行.
NOTIC: [2] DOMDocument::loadHTML(): htmlParseEntityRef: expecting ';' in Entity, line: 23 /Applications/MAMP/htdocs/djkj/ThinkPHP/Library/Vendor/Spider/Htmldom.class.php 第 36 行.
NOTIC: [2] DOMDocument::loadHTML(): htmlParseEntityRef: expecting ';' in Entity, line: 23 /Applications/MAMP/htdocs/djkj/ThinkPHP/Library/Vendor/Spider/Htmldom.class.php 第 36 行.
NOTIC: [2] DOMDocument::loadHTML(): htmlParseEntityRef: expecting ';' in Entity, line: 23 /Applications/MAMP/htdocs/djkj/ThinkPHP/Library/Vendor/Spider/Htmldom.class.php 第 36 行.
NOTIC: [2] DOMDocument::loadHTML(): htmlParseEntityRef: expecting ';' in Entity, line: 23 /Applications/MAMP/htdocs/djkj/ThinkPHP/Library/Vendor/Spider/Htmldom.class.php 第 36 行.
NOTIC: [2] DOMDocument::loadHTML(): htmlParseEntityRef: expecting ';' in Entity, line: 23 /Applications/MAMP/htdocs/djkj/ThinkPHP/Library/Vendor/Spider/Htmldom.class.php 第 36 行.
NOTIC: [2] DOMDocument::loadHTML(): htmlParseEntityRef: expecting ';' in Entity, line: 23 /Applications/MAMP/htdocs/djkj/ThinkPHP/Library/Vendor/Spider/Htmldom.class.php 第 36 行.
NOTIC: [2] DOMDocument::loadHTML(): htmlParseEntityRef: expecting ';' in Entity, line: 23 /Applications/MAMP/htdocs/djkj/ThinkPHP/Library/Vendor/Spider/Htmldom.class.php 第 36 行.
NOTIC: [2] DOMDocument::loadHTML(): htmlParseEntityRef: expecting ';' in Entity, line: 23 /Applications/MAMP/htdocs/djkj/ThinkPHP/Library/Vendor/Spider/Htmldom.class.php 第 36 行.
NOTIC: [2] DOMDocument::loadHTML(): htmlParseEntityRef: expecting ';' in Entity, line: 23 /Applications/MAMP/htdocs/djkj/ThinkPHP/Library/Vendor/Spider/Htmldom.class.php 第 36 行.
NOTIC: [2] DOMDocument::loadHTML(): htmlParseEntityRef: expecting ';' in Entity, line: 23 /Applications/MAMP/htdocs/djkj/ThinkPHP/Library/Vendor/Spider/Htmldom.class.php 第 36 行.
NOTIC: [2] DOMDocument::loadHTML(): htmlParseEntityRef: expecting ';' in Entity, line: 23 /Applications/MAMP/htdocs/djkj/ThinkPHP/Library/Vendor/Spider/Htmldom.class.php 第 36 行.
NOTIC: [2] DOMDocument::loadHTML(): ID lb already defined in Entity, line: 23 /Applications/MAMP/htdocs/djkj/ThinkPHP/Library/Vendor/Spider/Htmldom.class.php 第 36 行.
NOTIC: [2] DOMDocument::loadHTML(): ID ime_hw already defined in Entity, line: 23 /Applications/MAMP/htdocs/djkj/ThinkPHP/Library/Vendor/Spider/Htmldom.class.php 第 36 行.
NOTIC: [2] DOMDocument::loadHTML(): ID ime_py already defined in Entity, line: 23 /Applications/MAMP/htdocs/djkj/ThinkPHP/Library/Vendor/Spider/Htmldom.class.php 第 36 行.
NOTIC: [2] DOMDocument::loadHTML(): ID ime_cl already defined in Entity, line: 23 /Applications/MAMP/htdocs/djkj/ThinkPHP/Library/Vendor/Spider/Htmldom.class.php 第 36 行.
INFO: [ app_end ] --START--
INFO: Run Behavior\ShowPageTraceBehavior [ RunTime:0.000698s ]
INFO: [ app_end ] --END-- [ RunTime:0.000791s ]

